{"level":"info","time":"2026-01-31T16:02:00+07:00","message":"Logger initialized"}
{"level":"info","time":"2026-01-31T16:02:01+07:00","message":"Database migration completed successfully"}
{"level":"info","time":"2026-01-31T16:02:01+07:00","message":"RBAC Seeding Completed!"}
{"level":"info","time":"2026-01-31T16:02:01+07:00","message":"User Seeding Completed!"}
{"level":"info","time":"2026-01-31T16:02:01+07:00","message":"Consumer Limit Seeding Completed!"}
{"level":"info","time":"2026-01-31T16:02:01+07:00","message":"Consumer Seeding Completed!"}
{"level":"info","time":"2026-01-31T16:02:01+07:00","message":"Router configured successfully"}
{"level":"info","time":"2026-01-31T16:02:01+07:00","message":"🚀 Server running on port 8080"}
{"level":"info","time":"2026-01-31T16:02:38+07:00","message":"Shutting down server..."}
{"level":"info","time":"2026-01-31T16:02:38+07:00","message":"Server exited successfully"}
{"level":"info","time":"2026-01-31T16:02:40+07:00","message":"Logger initialized"}
{"level":"info","time":"2026-01-31T16:02:40+07:00","message":"Database migration completed successfully"}
{"level":"info","time":"2026-01-31T16:02:40+07:00","message":"RBAC Seeding Completed!"}
{"level":"info","time":"2026-01-31T16:02:40+07:00","message":"User Seeding Completed!"}
{"level":"info","time":"2026-01-31T16:02:40+07:00","message":"Consumer Limit Seeding Completed!"}
{"level":"info","time":"2026-01-31T16:02:40+07:00","message":"Consumer Seeding Completed!"}
{"level":"info","time":"2026-01-31T16:02:40+07:00","message":"Router configured successfully"}
{"level":"info","time":"2026-01-31T16:02:40+07:00","message":"🚀 Server running on port 8080"}
{"level":"info","time":"2026-01-31T16:03:07+07:00","message":"Shutting down server..."}
{"level":"info","time":"2026-01-31T16:03:07+07:00","message":"Server exited successfully"}
{"level":"info","time":"2026-01-31T16:03:20+07:00","message":"Logger initialized"}
{"level":"info","time":"2026-01-31T16:03:20+07:00","message":"Database migration completed successfully"}
{"level":"info","time":"2026-01-31T16:03:20+07:00","message":"RBAC Seeding Completed!"}
{"level":"info","time":"2026-01-31T16:03:20+07:00","message":"User Seeding Completed!"}
{"level":"info","time":"2026-01-31T16:03:20+07:00","message":"Consumer Limit Seeding Completed!"}
{"level":"info","time":"2026-01-31T16:03:20+07:00","message":"Consumer Seeding Completed!"}
{"level":"info","time":"2026-01-31T16:03:20+07:00","message":"Router configured successfully"}
{"level":"info","time":"2026-01-31T16:03:20+07:00","message":"🚀 Server running on port 8080"}
{"level":"info","request_id":"5a89dd29-a011-43c3-a8fa-34266b98c9c6","method":"POST","path":"/api/transaction/","status":400,"ip":"::1","user_agent":"PostmanRuntime/7.51.0","latency":32.036042,"user_id":2,"time":"2026-01-31T16:05:19+07:00","message":"handled request"}
{"level":"info","request_id":"7b2a4368-70b7-4cd6-a4e4-be423b6559dd","method":"POST","path":"/api/transaction/","status":201,"ip":"::1","user_agent":"PostmanRuntime/7.51.0","latency":16.342042,"user_id":2,"time":"2026-01-31T16:05:26+07:00","message":"handled request"}
{"level":"info","time":"2026-01-31T16:17:09+07:00","message":"Shutting down server..."}
{"level":"info","time":"2026-01-31T16:17:09+07:00","message":"Server exited successfully"}
{"level":"info","time":"2026-01-31T16:17:15+07:00","message":"Logger initialized"}
{"level":"info","time":"2026-01-31T16:17:16+07:00","message":"Database migration completed successfully"}
{"level":"info","time":"2026-01-31T16:17:16+07:00","message":"RBAC Seeding Completed!"}
{"level":"info","time":"2026-01-31T16:17:16+07:00","message":"User Seeding Completed!"}
{"level":"info","time":"2026-01-31T16:17:16+07:00","message":"Consumer Limit Seeding Completed!"}
{"level":"info","time":"2026-01-31T16:17:16+07:00","message":"Consumer Seeding Completed!"}
{"level":"info","time":"2026-01-31T16:17:16+07:00","message":"Router configured successfully"}
{"level":"info","time":"2026-01-31T16:17:16+07:00","message":"🚀 Server running on port 8081"}
{"level":"info","request_id":"91013744-cf44-4126-939a-57885befd320","method":"POST","path":"/api/limit/","status":401,"ip":"::1","user_agent":"curl/8.7.1","latency":0.152334,"time":"2026-01-31T16:18:00+07:00","message":"handled request"}
{"level":"info","request_id":"4537e883-a38d-4e59-bc68-f94bd2e8edd6","method":"POST","path":"/api/transaction/","status":401,"ip":"::1","user_agent":"curl/8.7.1","latency":0.07375,"time":"2026-01-31T16:18:00+07:00","message":"handled request"}
{"level":"info","request_id":"d3fed83a-3d66-43e6-b802-074382900e6a","method":"POST","path":"/api/limit/","status":401,"ip":"::1","user_agent":"curl/8.7.1","latency":0.145208,"time":"2026-01-31T16:18:27+07:00","message":"handled request"}
{"level":"info","request_id":"4e781907-e3a5-4e44-9fe3-f744bb89ef58","method":"POST","path":"/api/limit/","status":401,"ip":"::1","user_agent":"curl/8.7.1","latency":0.136458,"time":"2026-01-31T16:19:22+07:00","message":"handled request"}
{"level":"info","request_id":"0d3883f0-364e-4b8d-8980-25c74b229cc6","method":"POST","path":"/api/transaction/","status":401,"ip":"::1","user_agent":"curl/8.7.1","latency":0.057667,"time":"2026-01-31T16:19:22+07:00","message":"handled request"}
{"level":"info","time":"2026-01-31T16:19:47+07:00","message":"Shutting down server..."}
{"level":"info","time":"2026-01-31T16:19:47+07:00","message":"Server exited successfully"}
{"level":"info","time":"2026-01-31T16:20:57+07:00","message":"Logger initialized"}
{"level":"info","time":"2026-01-31T16:20:58+07:00","message":"Database migration completed successfully"}
{"level":"info","time":"2026-01-31T16:20:58+07:00","message":"RBAC Seeding Completed!"}
{"level":"info","time":"2026-01-31T16:20:58+07:00","message":"User Seeding Completed!"}
{"level":"info","time":"2026-01-31T16:20:58+07:00","message":"Consumer Limit Seeding Completed!"}
{"level":"info","time":"2026-01-31T16:20:58+07:00","message":"Consumer Seeding Completed!"}
{"level":"info","time":"2026-01-31T16:20:58+07:00","message":"Router configured successfully"}
{"level":"info","time":"2026-01-31T16:20:58+07:00","message":"🚀 Server running on port 8081"}
